13:29:43.036 [main] INFO  testCases.TC_001_AccountRegistreationTest - ***  Starting TC_test_account_Registeration
13:29:43.742 [main] INFO  testCases.TC_001_AccountRegistreationTest - Click on myaccount link
13:29:49.482 [main] INFO  testCases.TC_001_AccountRegistreationTest - Click on register link
13:29:49.483 [main] INFO  testCases.TC_001_AccountRegistreationTest - Providing customres data
13:29:50.932 [main] INFO  testCases.TC_001_AccountRegistreationTest - Click on continue
13:29:57.897 [main] INFO  testCases.TC_001_AccountRegistreationTest - Vlaidate expected message
13:29:57.950 [main] INFO  testCases.TC_001_AccountRegistreationTest - ***  Finished TC_test_account_Registeration
14:55:46.777 [main] INFO  testCases.TC_001_AccountRegistreationTest - ***  Starting TC_test_account_Registeration
14:55:47.851 [main] INFO  testCases.TC_001_AccountRegistreationTest - Click on myaccount link
14:55:53.945 [main] INFO  testCases.TC_001_AccountRegistreationTest - Click on register link
14:55:54.057 [main] INFO  testCases.TC_001_AccountRegistreationTest - Providing customres data
14:55:56.444 [main] INFO  testCases.TC_001_AccountRegistreationTest - Click on continue
14:56:02.098 [main] INFO  testCases.TC_001_AccountRegistreationTest - Vlaidate expected message
14:56:02.198 [main] INFO  testCases.TC_001_AccountRegistreationTest - ***  Finished TC_test_account_Registeration
15:18:51.606 [main] INFO  testCases.TC_001_AccountRegistreationTest - ***  Starting TC_test_account_Registeration
15:18:52.031 [main] INFO  testCases.TC_001_AccountRegistreationTest - Click on myaccount link
15:18:55.396 [main] INFO  testCases.TC_001_AccountRegistreationTest - Click on register link
15:18:55.402 [main] INFO  testCases.TC_001_AccountRegistreationTest - Providing customres data
15:18:56.910 [main] INFO  testCases.TC_001_AccountRegistreationTest - Click on continue
15:19:02.115 [main] INFO  testCases.TC_001_AccountRegistreationTest - Vlaidate expected message
15:19:02.247 [main] INFO  testCases.TC_001_AccountRegistreationTest - ***  Finished TC_test_account_Registeration
15:19:32.276 [main] INFO  testCases.TC_001_AccountRegistreationTest - ***  Starting TC_test_account_Registeration
15:19:32.498 [main] INFO  testCases.TC_001_AccountRegistreationTest - Click on myaccount link
15:19:34.967 [main] INFO  testCases.TC_001_AccountRegistreationTest - Click on register link
15:19:34.971 [main] INFO  testCases.TC_001_AccountRegistreationTest - Providing customres data
15:19:36.471 [main] INFO  testCases.TC_001_AccountRegistreationTest - Click on continue
15:19:40.025 [main] INFO  testCases.TC_001_AccountRegistreationTest - Vlaidate expected message
15:19:40.088 [main] INFO  testCases.TC_001_AccountRegistreationTest - ***  Finished TC_test_account_Registeration
15:20:26.907 [main] INFO  testCases.TC_001_AccountRegistreationTest - ***  Starting TC_test_account_Registeration
15:20:27.263 [main] INFO  testCases.TC_001_AccountRegistreationTest - Click on myaccount link
15:20:28.834 [main] INFO  testCases.TC_001_AccountRegistreationTest - Click on register link
15:20:28.839 [main] INFO  testCases.TC_001_AccountRegistreationTest - Providing customres data
15:20:29.916 [main] INFO  testCases.TC_001_AccountRegistreationTest - Click on continue
15:20:32.988 [main] INFO  testCases.TC_001_AccountRegistreationTest - Vlaidate expected message
15:20:33.049 [main] INFO  testCases.TC_001_AccountRegistreationTest - ***  Finished TC_test_account_Registeration
15:21:39.091 [main] INFO  testCases.TC_001_AccountRegistreationTest - ***  Starting TC_test_account_Registeration
15:21:39.703 [main] INFO  testCases.TC_001_AccountRegistreationTest - Click on myaccount link
15:21:41.635 [main] INFO  testCases.TC_001_AccountRegistreationTest - Click on register link
15:21:41.640 [main] INFO  testCases.TC_001_AccountRegistreationTest - Providing customres data
15:21:43.219 [main] INFO  testCases.TC_001_AccountRegistreationTest - Click on continue
15:21:47.519 [main] INFO  testCases.TC_001_AccountRegistreationTest - Vlaidate expected message
15:21:47.599 [main] INFO  testCases.TC_001_AccountRegistreationTest - ***  Finished TC_test_account_Registeration
15:41:59.139 [main] INFO  testCases.TC_001_AccountRegistreationTest - ***  Starting TC_test_account_Registeration
15:41:59.307 [main] INFO  testCases.TC_001_AccountRegistreationTest - Click on myaccount link
15:42:01.225 [main] INFO  testCases.TC_001_AccountRegistreationTest - Click on register link
15:42:01.229 [main] INFO  testCases.TC_001_AccountRegistreationTest - Providing customres data
15:42:02.205 [main] INFO  testCases.TC_001_AccountRegistreationTest - Click on continue
15:42:04.937 [main] INFO  testCases.TC_001_AccountRegistreationTest - Vlaidate expected message
15:42:04.983 [main] INFO  testCases.TC_001_AccountRegistreationTest - ***  Finished TC_test_account_Registeration
15:42:13.262 [main] INFO  testCases.TC_001_AccountRegistreationTest - ***  Starting TC_test_account_Registeration
15:42:13.376 [main] INFO  testCases.TC_001_AccountRegistreationTest - Click on myaccount link
15:42:15.768 [main] INFO  testCases.TC_001_AccountRegistreationTest - Click on register link
15:42:15.771 [main] INFO  testCases.TC_001_AccountRegistreationTest - Providing customres data
15:42:16.886 [main] INFO  testCases.TC_001_AccountRegistreationTest - Click on continue
15:42:21.706 [main] INFO  testCases.TC_001_AccountRegistreationTest - Vlaidate expected message
15:42:21.741 [main] INFO  testCases.TC_001_AccountRegistreationTest - ***  Finished TC_test_account_Registeration
16:35:20.914 [main] INFO  testCases.TC_001_AccountRegistreationTest - ***  Starting TC_test_account_Registeration
16:35:21.507 [main] INFO  testCases.TC_001_AccountRegistreationTest - Click on myaccount link
16:35:23.205 [main] INFO  testCases.TC_001_AccountRegistreationTest - Click on register link
16:35:23.208 [main] INFO  testCases.TC_001_AccountRegistreationTest - Providing customres data
16:35:24.780 [main] INFO  testCases.TC_001_AccountRegistreationTest - Click on continue
16:35:29.025 [main] INFO  testCases.TC_001_AccountRegistreationTest - Vlaidate expected message
16:35:29.089 [main] INFO  testCases.TC_001_AccountRegistreationTest - ***  Finished TC_test_account_Registeration
18:45:15.393 [main] INFO  testCases.TC_001_AccountRegistreationTest - ***  Starting TC_test_account_Registeration
18:45:16.089 [main] INFO  testCases.TC_001_AccountRegistreationTest - Click on myaccount link
18:45:21.325 [main] INFO  testCases.TC_001_AccountRegistreationTest - Click on register link
18:45:21.327 [main] INFO  testCases.TC_001_AccountRegistreationTest - Providing customres data
18:45:22.251 [main] INFO  testCases.TC_001_AccountRegistreationTest - Click on continue
18:45:26.739 [main] INFO  testCases.TC_001_AccountRegistreationTest - Vlaidate expected message
18:45:26.794 [main] INFO  testCases.TC_001_AccountRegistreationTest - ***  Finished TC_test_account_Registeration
18:48:19.778 [main] INFO  testCases.TC_001_AccountRegistreationTest - ***  Starting TC_test_account_Registeration
18:48:19.934 [main] INFO  testCases.TC_001_AccountRegistreationTest - Click on myaccount link
18:48:21.977 [main] INFO  testCases.TC_001_AccountRegistreationTest - Click on register link
18:48:21.980 [main] INFO  testCases.TC_001_AccountRegistreationTest - Providing customres data
18:48:22.793 [main] INFO  testCases.TC_001_AccountRegistreationTest - Click on continue
18:48:23.413 [main] INFO  testCases.TC_001_AccountRegistreationTest - Vlaidate expected message
19:02:03.632 [main] INFO  testCases.TC_001_AccountRegistreationTest - ***  Starting TC_test_account_Registeration
19:02:03.822 [main] INFO  testCases.TC_001_AccountRegistreationTest - Click on myaccount link
19:02:05.267 [main] INFO  testCases.TC_001_AccountRegistreationTest - Click on register link
19:02:05.268 [main] INFO  testCases.TC_001_AccountRegistreationTest - Providing customres data
19:02:06.085 [main] INFO  testCases.TC_001_AccountRegistreationTest - Click on continue
19:02:06.873 [main] INFO  testCases.TC_001_AccountRegistreationTest - Vlaidate expected message
19:03:55.375 [main] INFO  testCases.TC_001_AccountRegistreationTest - ***  Starting TC_test_account_Registeration
19:03:55.688 [main] INFO  testCases.TC_001_AccountRegistreationTest - Click on myaccount link
19:03:57.459 [main] INFO  testCases.TC_001_AccountRegistreationTest - Click on register link
19:03:57.464 [main] INFO  testCases.TC_001_AccountRegistreationTest - Providing customres data
19:03:58.291 [main] INFO  testCases.TC_001_AccountRegistreationTest - Click on continue
19:03:59.251 [main] INFO  testCases.TC_001_AccountRegistreationTest - Vlaidate expected message
19:30:11.398 [main] INFO  testCases.TC_001_AccountRegistreationTest - ***  Starting TC_test_account_Registeration
19:30:11.574 [main] INFO  testCases.TC_001_AccountRegistreationTest - Click on myaccount link
19:30:12.763 [main] INFO  testCases.TC_001_AccountRegistreationTest - Click on register link
19:30:12.765 [main] INFO  testCases.TC_001_AccountRegistreationTest - Providing customres data
19:30:13.536 [main] INFO  testCases.TC_001_AccountRegistreationTest - Click on continue
19:30:14.452 [main] INFO  testCases.TC_001_AccountRegistreationTest - Vlaidate expected message
20:14:01.247 [main] INFO  testCases.TC_001_AccountRegistreationTest - ***  Starting TC_test_account_Registeration
20:14:01.667 [main] INFO  testCases.TC_001_AccountRegistreationTest - Click on myaccount link
20:14:05.425 [main] INFO  testCases.TC_001_AccountRegistreationTest - Click on register link
20:14:05.428 [main] INFO  testCases.TC_001_AccountRegistreationTest - Providing customres data
20:14:06.361 [main] INFO  testCases.TC_001_AccountRegistreationTest - Click on continue
20:14:08.856 [main] INFO  testCases.TC_001_AccountRegistreationTest - Vlaidate expected message
20:18:05.105 [main] INFO  testCases.TC_001_AccountRegistreationTest - ***  Starting TC_test_account_Registeration
20:18:05.281 [main] INFO  testCases.TC_001_AccountRegistreationTest - Click on myaccount link
20:18:06.951 [main] INFO  testCases.TC_001_AccountRegistreationTest - Click on register link
20:18:06.953 [main] INFO  testCases.TC_001_AccountRegistreationTest - Providing customres data
20:18:07.764 [main] INFO  testCases.TC_001_AccountRegistreationTest - Click on continue
20:18:08.782 [main] INFO  testCases.TC_001_AccountRegistreationTest - Vlaidate expected message
20:21:09.830 [main] INFO  testCases.TC_001_AccountRegistreationTest - ***  Starting TC_test_account_Registeration
20:21:10.025 [main] INFO  testCases.TC_001_AccountRegistreationTest - Click on myaccount link
20:21:12.106 [main] INFO  testCases.TC_001_AccountRegistreationTest - Click on register link
20:21:12.107 [main] INFO  testCases.TC_001_AccountRegistreationTest - Providing customres data
20:21:12.899 [main] INFO  testCases.TC_001_AccountRegistreationTest - Click on continue
20:21:13.804 [main] INFO  testCases.TC_001_AccountRegistreationTest - Vlaidate expected message
15:02:23.906 [main] INFO  testCases.TC_002_LoginTest - ***  Starting TC_002_LoginTest
15:02:33.839 [main] INFO  testCases.TC_002_LoginTest - ***  Finished TC_002_LoginTest
15:05:28.808 [main] INFO  testCases.TC_002_LoginTest - ***  Starting TC_002_LoginTest
15:05:32.049 [main] INFO  testCases.TC_002_LoginTest - ***  Finished TC_002_LoginTest
19:15:21.600 [main] INFO  testCases.TC_003_LoginDDT - ***  Starting TC_003_LoginDDT  ***
19:15:42.582 [main] INFO  testCases.TC_003_LoginDDT - ***  Starting TC_003_LoginDDT  ***
19:15:57.920 [main] INFO  testCases.TC_003_LoginDDT - ***  Starting TC_003_LoginDDT  ***
19:16:13.164 [main] INFO  testCases.TC_003_LoginDDT - ***  Starting TC_003_LoginDDT  ***
19:16:28.425 [main] INFO  testCases.TC_003_LoginDDT - ***  Starting TC_003_LoginDDT  ***
19:17:37.685 [main] INFO  testCases.TC_003_LoginDDT - ***  Starting TC_003_LoginDDT  ***
19:17:56.000 [main] INFO  testCases.TC_003_LoginDDT - ***  Starting TC_003_LoginDDT  ***
19:18:11.400 [main] INFO  testCases.TC_003_LoginDDT - ***  Starting TC_003_LoginDDT  ***
19:18:26.820 [main] INFO  testCases.TC_003_LoginDDT - ***  Starting TC_003_LoginDDT  ***
19:18:42.169 [main] INFO  testCases.TC_003_LoginDDT - ***  Starting TC_003_LoginDDT  ***
19:31:31.912 [main] INFO  testCases.TC_003_LoginDDT - ***  Starting TC_003_LoginDDT  ***
19:31:35.785 [main] INFO  testCases.TC_003_LoginDDT - ****  Providing login details 
19:31:53.119 [main] INFO  testCases.TC_003_LoginDDT - ***  Finished  ***
19:31:53.140 [main] INFO  testCases.TC_003_LoginDDT - ***  Starting TC_003_LoginDDT  ***
19:31:54.043 [main] INFO  testCases.TC_003_LoginDDT - ****  Providing login details 
19:32:06.384 [main] INFO  testCases.TC_003_LoginDDT - ***  Finished  ***
19:32:06.391 [main] INFO  testCases.TC_003_LoginDDT - ***  Starting TC_003_LoginDDT  ***
19:32:40.812 [main] INFO  testCases.TC_003_LoginDDT - ***  Starting TC_003_LoginDDT  ***
19:32:42.423 [main] INFO  testCases.TC_003_LoginDDT - ****  Providing login details 
19:32:58.960 [main] INFO  testCases.TC_003_LoginDDT - ***  Finished  ***
19:32:58.983 [main] INFO  testCases.TC_003_LoginDDT - ***  Starting TC_003_LoginDDT  ***
19:32:59.788 [main] INFO  testCases.TC_003_LoginDDT - ****  Providing login details 
19:33:16.461 [main] INFO  testCases.TC_003_LoginDDT - ***  Finished  ***
19:33:16.468 [main] INFO  testCases.TC_003_LoginDDT - ***  Starting TC_003_LoginDDT  ***
19:33:17.277 [main] INFO  testCases.TC_003_LoginDDT - ****  Providing login details 
19:33:33.595 [main] INFO  testCases.TC_003_LoginDDT - ***  Finished  ***
19:33:33.600 [main] INFO  testCases.TC_003_LoginDDT - ***  Starting TC_003_LoginDDT  ***
19:33:34.507 [main] INFO  testCases.TC_003_LoginDDT - ****  Providing login details 
19:33:50.845 [main] INFO  testCases.TC_003_LoginDDT - ***  Finished  ***
19:33:50.848 [main] INFO  testCases.TC_003_LoginDDT - ***  Starting TC_003_LoginDDT  ***
19:33:51.694 [main] INFO  testCases.TC_003_LoginDDT - ****  Providing login details 
19:36:10.190 [main] INFO  testCases.TC_003_LoginDDT - ***  Starting TC_003_LoginDDT  ***
19:36:11.956 [main] INFO  testCases.TC_003_LoginDDT - ****  Providing login details 
19:36:28.579 [main] INFO  testCases.TC_003_LoginDDT - ***  Finished  ***
19:36:28.604 [main] INFO  testCases.TC_003_LoginDDT - ***  Starting TC_003_LoginDDT  ***
19:36:29.562 [main] INFO  testCases.TC_003_LoginDDT - ****  Providing login details 
19:36:46.062 [main] INFO  testCases.TC_003_LoginDDT - ***  Finished  ***
19:36:46.065 [main] INFO  testCases.TC_003_LoginDDT - ***  Starting TC_003_LoginDDT  ***
19:36:46.728 [main] INFO  testCases.TC_003_LoginDDT - ****  Providing login details 
19:37:03.149 [main] INFO  testCases.TC_003_LoginDDT - ***  Finished  ***
19:37:03.152 [main] INFO  testCases.TC_003_LoginDDT - ***  Starting TC_003_LoginDDT  ***
19:37:03.767 [main] INFO  testCases.TC_003_LoginDDT - ****  Providing login details 
19:37:20.048 [main] INFO  testCases.TC_003_LoginDDT - ***  Finished  ***
19:37:20.051 [main] INFO  testCases.TC_003_LoginDDT - ***  Starting TC_003_LoginDDT  ***
19:37:20.791 [main] INFO  testCases.TC_003_LoginDDT - ****  Providing login details 
19:42:22.053 [main] INFO  testCases.TC_003_LoginDDT - ***  Starting TC_003_LoginDDT  ***
19:42:23.395 [main] INFO  testCases.TC_003_LoginDDT - ****  Providing login details 
19:42:40.112 [main] INFO  testCases.TC_003_LoginDDT - ***  Finished  ***
19:42:40.143 [main] INFO  testCases.TC_003_LoginDDT - ***  Starting TC_003_LoginDDT  ***
19:42:41.007 [main] INFO  testCases.TC_003_LoginDDT - ****  Providing login details 
19:42:56.960 [main] INFO  testCases.TC_003_LoginDDT - ***  Finished  ***
19:42:56.964 [main] INFO  testCases.TC_003_LoginDDT - ***  Starting TC_003_LoginDDT  ***
19:42:57.609 [main] INFO  testCases.TC_003_LoginDDT - ****  Providing login details 
19:43:13.714 [main] INFO  testCases.TC_003_LoginDDT - ***  Finished  ***
19:43:13.717 [main] INFO  testCases.TC_003_LoginDDT - ***  Starting TC_003_LoginDDT  ***
19:43:14.387 [main] INFO  testCases.TC_003_LoginDDT - ****  Providing login details 
19:43:30.358 [main] INFO  testCases.TC_003_LoginDDT - ***  Finished  ***
19:43:30.362 [main] INFO  testCases.TC_003_LoginDDT - ***  Starting TC_003_LoginDDT  ***
19:43:31.035 [main] INFO  testCases.TC_003_LoginDDT - ****  Providing login details 
19:43:46.845 [main] INFO  testCases.TC_003_LoginDDT - ***  Finished  ***
19:44:51.134 [main] INFO  testCases.TC_003_LoginDDT - ***  Starting TC_003_LoginDDT  ***
19:44:51.138 [main] INFO  testCases.TC_003_LoginDDT - ***  Starting TC_003_LoginDDT  ***
19:44:52.441 [main] INFO  testCases.TC_003_LoginDDT - ****  Providing login details 
19:45:09.185 [main] INFO  testCases.TC_003_LoginDDT - ***  Finished  ***
19:45:09.206 [main] INFO  testCases.TC_003_LoginDDT - ***  Starting TC_003_LoginDDT  ***
19:45:09.206 [main] INFO  testCases.TC_003_LoginDDT - ***  Starting TC_003_LoginDDT  ***
19:45:10.411 [main] INFO  testCases.TC_003_LoginDDT - ****  Providing login details 
19:45:26.786 [main] INFO  testCases.TC_003_LoginDDT - ***  Finished  ***
19:45:26.789 [main] INFO  testCases.TC_003_LoginDDT - ***  Starting TC_003_LoginDDT  ***
19:45:26.790 [main] INFO  testCases.TC_003_LoginDDT - ***  Starting TC_003_LoginDDT  ***
19:45:27.696 [main] INFO  testCases.TC_003_LoginDDT - ****  Providing login details 
19:45:43.774 [main] INFO  testCases.TC_003_LoginDDT - ***  Finished  ***
19:45:43.777 [main] INFO  testCases.TC_003_LoginDDT - ***  Starting TC_003_LoginDDT  ***
19:45:43.778 [main] INFO  testCases.TC_003_LoginDDT - ***  Starting TC_003_LoginDDT  ***
19:45:44.329 [main] INFO  testCases.TC_003_LoginDDT - ****  Providing login details 
19:46:00.350 [main] INFO  testCases.TC_003_LoginDDT - ***  Finished  ***
19:46:00.352 [main] INFO  testCases.TC_003_LoginDDT - ***  Starting TC_003_LoginDDT  ***
19:46:00.352 [main] INFO  testCases.TC_003_LoginDDT - ***  Starting TC_003_LoginDDT  ***
19:46:00.955 [main] INFO  testCases.TC_003_LoginDDT - ****  Providing login details 
19:46:17.024 [main] INFO  testCases.TC_003_LoginDDT - ***  Finished  ***
10:20:09.475 [main] INFO  testCases.TC_003_LoginDDT - ***  Starting TC_003_LoginDDT  ***
10:20:12.412 [main] INFO  testCases.TC_003_LoginDDT - ****  Providing login details 
10:20:30.421 [main] INFO  testCases.TC_003_LoginDDT - ***  Finished  ***
10:20:30.525 [main] INFO  testCases.TC_003_LoginDDT - ***  Starting TC_003_LoginDDT  ***
10:20:31.391 [main] INFO  testCases.TC_003_LoginDDT - ****  Providing login details 
10:20:33.510 [main] INFO  testCases.TC_003_LoginDDT - ***  Finished  ***
10:20:33.513 [main] INFO  testCases.TC_003_LoginDDT - ***  Starting TC_003_LoginDDT  ***
10:20:48.992 [main] INFO  testCases.TC_003_LoginDDT - ***  Starting TC_003_LoginDDT  ***
10:21:04.351 [main] INFO  testCases.TC_003_LoginDDT - ***  Starting TC_003_LoginDDT  ***
10:21:19.615 [main] INFO  testCases.TC_003_LoginDDT - ***  Starting TC_003_LoginDDT  ***
10:21:34.866 [main] INFO  testCases.TC_003_LoginDDT - ***  Starting TC_003_LoginDDT  ***
10:21:50.117 [main] INFO  testCases.TC_003_LoginDDT - ***  Starting TC_003_LoginDDT  ***
10:22:05.401 [main] INFO  testCases.TC_003_LoginDDT - ***  Starting TC_003_LoginDDT  ***
10:22:20.744 [main] INFO  testCases.TC_003_LoginDDT - ***  Starting TC_003_LoginDDT  ***
10:22:35.977 [main] INFO  testCases.TC_003_LoginDDT - ***  Starting TC_003_LoginDDT  ***
10:22:51.329 [main] INFO  testCases.TC_003_LoginDDT - ***  Starting TC_003_LoginDDT  ***
10:23:06.635 [main] INFO  testCases.TC_003_LoginDDT - ***  Starting TC_003_LoginDDT  ***
10:23:21.946 [main] INFO  testCases.TC_003_LoginDDT - ***  Starting TC_003_LoginDDT  ***
10:23:37.367 [main] INFO  testCases.TC_003_LoginDDT - ***  Starting TC_003_LoginDDT  ***
10:23:52.833 [main] INFO  testCases.TC_003_LoginDDT - ***  Starting TC_003_LoginDDT  ***
10:24:08.338 [main] INFO  testCases.TC_003_LoginDDT - ***  Starting TC_003_LoginDDT  ***
10:24:23.704 [main] INFO  testCases.TC_003_LoginDDT - ***  Starting TC_003_LoginDDT  ***
10:24:39.109 [main] INFO  testCases.TC_003_LoginDDT - ***  Starting TC_003_LoginDDT  ***
10:24:54.344 [main] INFO  testCases.TC_003_LoginDDT - ***  Starting TC_003_LoginDDT  ***
10:25:09.674 [main] INFO  testCases.TC_003_LoginDDT - ***  Starting TC_003_LoginDDT  ***
10:25:24.978 [main] INFO  testCases.TC_003_LoginDDT - ***  Starting TC_003_LoginDDT  ***
10:25:40.307 [main] INFO  testCases.TC_003_LoginDDT - ***  Starting TC_003_LoginDDT  ***
10:25:55.631 [main] INFO  testCases.TC_003_LoginDDT - ***  Starting TC_003_LoginDDT  ***
10:26:10.916 [main] INFO  testCases.TC_003_LoginDDT - ***  Starting TC_003_LoginDDT  ***
10:26:26.202 [main] INFO  testCases.TC_003_LoginDDT - ***  Starting TC_003_LoginDDT  ***
10:26:41.620 [main] INFO  testCases.TC_003_LoginDDT - ***  Starting TC_003_LoginDDT  ***
10:26:56.922 [main] INFO  testCases.TC_003_LoginDDT - ***  Starting TC_003_LoginDDT  ***
10:27:12.256 [main] INFO  testCases.TC_003_LoginDDT - ***  Starting TC_003_LoginDDT  ***
10:27:27.555 [main] INFO  testCases.TC_003_LoginDDT - ***  Starting TC_003_LoginDDT  ***
10:27:42.842 [main] INFO  testCases.TC_003_LoginDDT - ***  Starting TC_003_LoginDDT  ***
10:27:58.241 [main] INFO  testCases.TC_003_LoginDDT - ***  Starting TC_003_LoginDDT  ***
10:28:13.512 [main] INFO  testCases.TC_003_LoginDDT - ***  Starting TC_003_LoginDDT  ***
10:28:28.835 [main] INFO  testCases.TC_003_LoginDDT - ***  Starting TC_003_LoginDDT  ***
10:30:23.561 [main] INFO  testCases.TC_003_LoginDDT - ***  Starting TC_003_LoginDDT  ***
10:30:26.021 [main] INFO  testCases.TC_003_LoginDDT - ****  Providing login details 
10:30:42.947 [main] INFO  testCases.TC_003_LoginDDT - ***  Finished  ***
10:30:42.991 [main] INFO  testCases.TC_003_LoginDDT - ***  Starting TC_003_LoginDDT  ***
10:30:44.091 [main] INFO  testCases.TC_003_LoginDDT - ****  Providing login details 
10:30:46.065 [main] INFO  testCases.TC_003_LoginDDT - ***  Finished  ***
10:30:46.072 [main] INFO  testCases.TC_003_LoginDDT - ***  Starting TC_003_LoginDDT  ***
10:31:01.548 [main] INFO  testCases.TC_003_LoginDDT - ***  Starting TC_003_LoginDDT  ***
10:31:16.928 [main] INFO  testCases.TC_003_LoginDDT - ***  Starting TC_003_LoginDDT  ***
10:31:32.202 [main] INFO  testCases.TC_003_LoginDDT - ***  Starting TC_003_LoginDDT  ***
10:31:47.515 [main] INFO  testCases.TC_003_LoginDDT - ***  Starting TC_003_LoginDDT  ***
10:39:24.279 [main] INFO  testCases.TC_003_LoginDDT - ***  Starting TC_003_LoginDDT  ***
10:39:26.133 [main] INFO  testCases.TC_003_LoginDDT - ****  Providing login details 
10:39:42.957 [main] INFO  testCases.TC_003_LoginDDT - ***  Finished  ***
10:39:42.984 [main] INFO  testCases.TC_003_LoginDDT - ***  Starting TC_003_LoginDDT  ***
10:39:43.763 [main] INFO  testCases.TC_003_LoginDDT - ****  Providing login details 
10:39:44.995 [main] INFO  testCases.TC_003_LoginDDT - ***  Finished  ***
10:39:45.001 [main] INFO  testCases.TC_003_LoginDDT - ***  Starting TC_003_LoginDDT  ***
10:40:00.487 [main] INFO  testCases.TC_003_LoginDDT - ***  Starting TC_003_LoginDDT  ***
10:40:15.986 [main] INFO  testCases.TC_003_LoginDDT - ***  Starting TC_003_LoginDDT  ***
10:40:31.478 [main] INFO  testCases.TC_003_LoginDDT - ***  Starting TC_003_LoginDDT  ***
11:00:46.143 [main] INFO  testCases.TC_003_LoginDDT - ***  Starting TC_003_LoginDDT  ***
11:00:51.689 [main] INFO  testCases.TC_003_LoginDDT - ****  Providing login details 
11:01:09.375 [main] INFO  testCases.TC_003_LoginDDT - ***  Finished  ***
11:01:09.515 [main] INFO  testCases.TC_003_LoginDDT - ***  Starting TC_003_LoginDDT  ***
11:01:10.617 [main] INFO  testCases.TC_003_LoginDDT - ****  Providing login details 
11:01:28.867 [main] INFO  testCases.TC_003_LoginDDT - ***  Starting TC_003_LoginDDT  ***
11:01:44.355 [main] INFO  testCases.TC_003_LoginDDT - ***  Starting TC_003_LoginDDT  ***
11:01:59.737 [main] INFO  testCases.TC_003_LoginDDT - ***  Starting TC_003_LoginDDT  ***
11:02:15.060 [main] INFO  testCases.TC_003_LoginDDT - ***  Starting TC_003_LoginDDT  ***
11:02:30.318 [main] INFO  testCases.TC_003_LoginDDT - ***  Starting TC_003_LoginDDT  ***
11:33:11.324 [main] INFO  testCases.TC_003_LoginDDT - ***  Starting TC_003_LoginDDT  ***
11:33:15.543 [main] INFO  testCases.TC_003_LoginDDT - ****  Providing login details 
11:33:33.614 [main] INFO  testCases.TC_003_LoginDDT - ***  Finished  ***
11:33:33.814 [main] INFO  testCases.TC_003_LoginDDT - ***  Starting TC_003_LoginDDT  ***
11:33:36.003 [main] INFO  testCases.TC_003_LoginDDT - ****  Providing login details 
11:33:44.503 [main] INFO  testCases.TC_003_LoginDDT - ***  Finished  ***
11:33:44.514 [main] INFO  testCases.TC_003_LoginDDT - ***  Starting TC_003_LoginDDT  ***
11:33:45.950 [main] INFO  testCases.TC_003_LoginDDT - ****  Providing login details 
11:34:03.812 [main] INFO  testCases.TC_003_LoginDDT - ***  Finished  ***
11:34:03.815 [main] INFO  testCases.TC_003_LoginDDT - ***  Starting TC_003_LoginDDT  ***
11:34:05.801 [main] INFO  testCases.TC_003_LoginDDT - ****  Providing login details 
11:34:23.434 [main] INFO  testCases.TC_003_LoginDDT - ***  Finished  ***
11:34:23.445 [main] INFO  testCases.TC_003_LoginDDT - ***  Starting TC_003_LoginDDT  ***
11:34:24.346 [main] INFO  testCases.TC_003_LoginDDT - ****  Providing login details 
11:34:27.647 [main] INFO  testCases.TC_003_LoginDDT - ***  Starting TC_003_LoginDDT  ***
11:34:28.943 [main] INFO  testCases.TC_003_LoginDDT - ****  Providing login details 
11:34:45.775 [main] INFO  testCases.TC_003_LoginDDT - ***  Finished  ***
11:34:45.779 [main] INFO  testCases.TC_003_LoginDDT - ***  Starting TC_003_LoginDDT  ***
11:34:46.872 [main] INFO  testCases.TC_003_LoginDDT - ****  Providing login details 
11:35:02.950 [main] INFO  testCases.TC_003_LoginDDT - ***  Finished  ***
11:35:02.953 [main] INFO  testCases.TC_003_LoginDDT - ***  Starting TC_003_LoginDDT  ***
11:35:03.768 [main] INFO  testCases.TC_003_LoginDDT - ****  Providing login details 
11:35:20.167 [main] INFO  testCases.TC_003_LoginDDT - ***  Finished  ***
11:35:20.176 [main] INFO  testCases.TC_003_LoginDDT - ***  Starting TC_003_LoginDDT  ***
11:35:21.082 [main] INFO  testCases.TC_003_LoginDDT - ****  Providing login details 
11:35:37.601 [main] INFO  testCases.TC_003_LoginDDT - ***  Finished  ***
11:35:37.608 [main] INFO  testCases.TC_003_LoginDDT - ***  Starting TC_003_LoginDDT  ***
11:35:38.522 [main] INFO  testCases.TC_003_LoginDDT - ****  Providing login details 
11:35:54.624 [main] INFO  testCases.TC_003_LoginDDT - ***  Finished  ***
11:35:54.629 [main] INFO  testCases.TC_003_LoginDDT - ***  Starting TC_003_LoginDDT  ***
11:35:55.559 [main] INFO  testCases.TC_003_LoginDDT - ****  Providing login details 
11:36:11.876 [main] INFO  testCases.TC_003_LoginDDT - ***  Finished  ***
11:36:11.878 [main] INFO  testCases.TC_003_LoginDDT - ***  Starting TC_003_LoginDDT  ***
11:36:12.795 [main] INFO  testCases.TC_003_LoginDDT - ****  Providing login details 
11:36:29.293 [main] INFO  testCases.TC_003_LoginDDT - ***  Finished  ***
11:36:29.295 [main] INFO  testCases.TC_003_LoginDDT - ***  Starting TC_003_LoginDDT  ***
11:36:30.350 [main] INFO  testCases.TC_003_LoginDDT - ****  Providing login details 
11:36:46.601 [main] INFO  testCases.TC_003_LoginDDT - ***  Finished  ***
11:36:46.603 [main] INFO  testCases.TC_003_LoginDDT - ***  Starting TC_003_LoginDDT  ***
11:36:47.696 [main] INFO  testCases.TC_003_LoginDDT - ****  Providing login details 
11:37:03.868 [main] INFO  testCases.TC_003_LoginDDT - ***  Finished  ***
11:37:03.878 [main] INFO  testCases.TC_003_LoginDDT - ***  Starting TC_003_LoginDDT  ***
11:37:04.736 [main] INFO  testCases.TC_003_LoginDDT - ****  Providing login details 
11:37:20.964 [main] INFO  testCases.TC_003_LoginDDT - ***  Finished  ***
11:37:20.975 [main] INFO  testCases.TC_003_LoginDDT - ***  Starting TC_003_LoginDDT  ***
11:37:22.115 [main] INFO  testCases.TC_003_LoginDDT - ****  Providing login details 
11:37:38.399 [main] INFO  testCases.TC_003_LoginDDT - ***  Finished  ***
11:37:38.401 [main] INFO  testCases.TC_003_LoginDDT - ***  Starting TC_003_LoginDDT  ***
11:37:39.641 [main] INFO  testCases.TC_003_LoginDDT - ****  Providing login details 
11:37:56.144 [main] INFO  testCases.TC_003_LoginDDT - ***  Finished  ***
11:37:56.148 [main] INFO  testCases.TC_003_LoginDDT - ***  Starting TC_003_LoginDDT  ***
11:37:57.600 [main] INFO  testCases.TC_003_LoginDDT - ****  Providing login details 
11:38:14.163 [main] INFO  testCases.TC_003_LoginDDT - ***  Finished  ***
11:38:14.166 [main] INFO  testCases.TC_003_LoginDDT - ***  Starting TC_003_LoginDDT  ***
11:38:15.133 [main] INFO  testCases.TC_003_LoginDDT - ****  Providing login details 
11:38:31.865 [main] INFO  testCases.TC_003_LoginDDT - ***  Finished  ***
11:38:31.867 [main] INFO  testCases.TC_003_LoginDDT - ***  Starting TC_003_LoginDDT  ***
11:38:32.748 [main] INFO  testCases.TC_003_LoginDDT - ****  Providing login details 
11:38:48.826 [main] INFO  testCases.TC_003_LoginDDT - ***  Finished  ***
11:38:48.829 [main] INFO  testCases.TC_003_LoginDDT - ***  Starting TC_003_LoginDDT  ***
11:38:50.057 [main] INFO  testCases.TC_003_LoginDDT - ****  Providing login details 
11:39:06.484 [main] INFO  testCases.TC_003_LoginDDT - ***  Finished  ***
11:39:06.493 [main] INFO  testCases.TC_003_LoginDDT - ***  Starting TC_003_LoginDDT  ***
11:39:07.651 [main] INFO  testCases.TC_003_LoginDDT - ****  Providing login details 
11:39:23.944 [main] INFO  testCases.TC_003_LoginDDT - ***  Finished  ***
11:39:23.946 [main] INFO  testCases.TC_003_LoginDDT - ***  Starting TC_003_LoginDDT  ***
11:39:24.881 [main] INFO  testCases.TC_003_LoginDDT - ****  Providing login details 
11:39:41.584 [main] INFO  testCases.TC_003_LoginDDT - ***  Finished  ***
11:39:41.591 [main] INFO  testCases.TC_003_LoginDDT - ***  Starting TC_003_LoginDDT  ***
11:39:45.367 [main] INFO  testCases.TC_003_LoginDDT - ****  Providing login details 
11:40:08.375 [main] INFO  testCases.TC_003_LoginDDT - ***  Finished  ***
11:40:08.377 [main] INFO  testCases.TC_003_LoginDDT - ***  Starting TC_003_LoginDDT  ***
11:40:13.867 [main] INFO  testCases.TC_003_LoginDDT - ****  Providing login details 
11:40:31.399 [main] INFO  testCases.TC_003_LoginDDT - ***  Finished  ***
11:40:31.407 [main] INFO  testCases.TC_003_LoginDDT - ***  Starting TC_003_LoginDDT  ***
11:40:40.829 [main] INFO  testCases.TC_003_LoginDDT - ****  Providing login details 
11:41:09.431 [main] INFO  testCases.TC_003_LoginDDT - ***  Finished  ***
11:41:09.445 [main] INFO  testCases.TC_003_LoginDDT - ***  Starting TC_003_LoginDDT  ***
11:41:23.882 [main] INFO  testCases.TC_003_LoginDDT - ****  Providing login details 
11:41:40.524 [main] INFO  testCases.TC_003_LoginDDT - ***  Finished  ***
11:41:40.526 [main] INFO  testCases.TC_003_LoginDDT - ***  Starting TC_003_LoginDDT  ***
11:41:45.103 [main] INFO  testCases.TC_003_LoginDDT - ****  Providing login details 
11:42:01.212 [main] INFO  testCases.TC_003_LoginDDT - ***  Finished  ***
11:42:01.215 [main] INFO  testCases.TC_003_LoginDDT - ***  Starting TC_003_LoginDDT  ***
11:42:03.745 [main] INFO  testCases.TC_003_LoginDDT - ****  Providing login details 
11:42:20.531 [main] INFO  testCases.TC_003_LoginDDT - ***  Finished  ***
11:42:20.533 [main] INFO  testCases.TC_003_LoginDDT - ***  Starting TC_003_LoginDDT  ***
11:42:21.807 [main] INFO  testCases.TC_003_LoginDDT - ****  Providing login details 
11:42:38.226 [main] INFO  testCases.TC_003_LoginDDT - ***  Finished  ***
11:42:38.227 [main] INFO  testCases.TC_003_LoginDDT - ***  Starting TC_003_LoginDDT  ***
11:42:39.324 [main] INFO  testCases.TC_003_LoginDDT - ****  Providing login details 
11:42:55.684 [main] INFO  testCases.TC_003_LoginDDT - ***  Finished  ***
11:42:55.686 [main] INFO  testCases.TC_003_LoginDDT - ***  Starting TC_003_LoginDDT  ***
11:42:56.655 [main] INFO  testCases.TC_003_LoginDDT - ****  Providing login details 
11:43:12.705 [main] INFO  testCases.TC_003_LoginDDT - ***  Finished  ***
11:43:12.707 [main] INFO  testCases.TC_003_LoginDDT - ***  Starting TC_003_LoginDDT  ***
11:43:13.758 [main] INFO  testCases.TC_003_LoginDDT - ****  Providing login details 
11:43:29.816 [main] INFO  testCases.TC_003_LoginDDT - ***  Finished  ***
11:43:29.817 [main] INFO  testCases.TC_003_LoginDDT - ***  Starting TC_003_LoginDDT  ***
11:43:31.008 [main] INFO  testCases.TC_003_LoginDDT - ****  Providing login details 
11:43:47.419 [main] INFO  testCases.TC_003_LoginDDT - ***  Finished  ***
11:43:47.421 [main] INFO  testCases.TC_003_LoginDDT - ***  Starting TC_003_LoginDDT  ***
11:43:49.077 [main] INFO  testCases.TC_003_LoginDDT - ****  Providing login details 
12:00:20.983 [main] INFO  testCases.TC_003_LoginDDT - ***  Starting TC_003_LoginDDT  ***
12:00:25.158 [main] INFO  testCases.TC_003_LoginDDT - ****  Providing login details 
12:00:28.452 [main] INFO  testCases.TC_003_LoginDDT - ***  Finished  ***
12:00:28.481 [main] INFO  testCases.TC_003_LoginDDT - ***  Starting TC_003_LoginDDT  ***
12:16:23.810 [main] INFO  testCases.TC_003_LoginDDT - ***  Starting TC_003_LoginDDT  ***
12:16:25.663 [main] INFO  testCases.TC_003_LoginDDT - ****  Providing login details 
12:16:42.843 [main] INFO  testCases.TC_003_LoginDDT - ***  Finished  ***
12:16:42.913 [main] INFO  testCases.TC_003_LoginDDT - ***  Starting TC_003_LoginDDT  ***
12:16:43.914 [main] INFO  testCases.TC_003_LoginDDT - ****  Providing login details 
12:17:00.634 [main] INFO  testCases.TC_003_LoginDDT - ***  Finished  ***
12:17:00.659 [main] INFO  testCases.TC_003_LoginDDT - ***  Starting TC_003_LoginDDT  ***
12:17:01.282 [main] INFO  testCases.TC_003_LoginDDT - ****  Providing login details 
12:17:17.464 [main] INFO  testCases.TC_003_LoginDDT - ***  Finished  ***
12:17:17.472 [main] INFO  testCases.TC_003_LoginDDT - ***  Starting TC_003_LoginDDT  ***
12:17:18.179 [main] INFO  testCases.TC_003_LoginDDT - ****  Providing login details 
12:17:34.356 [main] INFO  testCases.TC_003_LoginDDT - ***  Finished  ***
12:17:34.359 [main] INFO  testCases.TC_003_LoginDDT - ***  Starting TC_003_LoginDDT  ***
12:17:35.384 [main] INFO  testCases.TC_003_LoginDDT - ****  Providing login details 
12:20:25.172 [main] INFO  testCases.TC_003_LoginDDT - ***  Starting TC_003_LoginDDT  ***
12:20:26.577 [main] INFO  testCases.TC_003_LoginDDT - ****  Providing login details 
12:20:43.443 [main] INFO  testCases.TC_003_LoginDDT - ***  Finished  ***
12:20:43.481 [main] INFO  testCases.TC_003_LoginDDT - ***  Starting TC_003_LoginDDT  ***
12:20:44.936 [main] INFO  testCases.TC_003_LoginDDT - ****  Providing login details 
12:21:01.195 [main] INFO  testCases.TC_003_LoginDDT - ***  Finished  ***
12:21:01.208 [main] INFO  testCases.TC_003_LoginDDT - ***  Starting TC_003_LoginDDT  ***
12:21:02.165 [main] INFO  testCases.TC_003_LoginDDT - ****  Providing login details 
12:21:18.402 [main] INFO  testCases.TC_003_LoginDDT - ***  Finished  ***
12:21:18.406 [main] INFO  testCases.TC_003_LoginDDT - ***  Starting TC_003_LoginDDT  ***
12:21:19.111 [main] INFO  testCases.TC_003_LoginDDT - ****  Providing login details 
12:21:35.177 [main] INFO  testCases.TC_003_LoginDDT - ***  Finished  ***
12:21:35.180 [main] INFO  testCases.TC_003_LoginDDT - ***  Starting TC_003_LoginDDT  ***
12:21:35.772 [main] INFO  testCases.TC_003_LoginDDT - ****  Providing login details 
12:21:38.522 [main] INFO  testCases.TC_003_LoginDDT - ***  Finished  ***
13:22:22.582 [main] INFO  testCases.TC_001_AccountRegistreationTest - ***  Starting TC_test_account_Registeration
13:22:23.457 [main] INFO  testCases.TC_001_AccountRegistreationTest - Click on myaccount link
13:22:27.162 [main] INFO  testCases.TC_001_AccountRegistreationTest - Click on register link
13:22:27.203 [main] INFO  testCases.TC_001_AccountRegistreationTest - Providing customres data
13:22:28.573 [main] INFO  testCases.TC_001_AccountRegistreationTest - Click on continue
13:22:30.527 [main] INFO  testCases.TC_001_AccountRegistreationTest - Vlaidate expected message
13:22:59.641 [main] INFO  testCases.TC_002_LoginTest - ***  Starting TC_002_LoginTest
13:23:04.500 [main] INFO  testCases.TC_002_LoginTest - ***  Finished TC_002_LoginTest
13:24:49.026 [main] INFO  testCases.TC_002_LoginTest - ***  Starting TC_002_LoginTest
13:24:52.678 [main] INFO  testCases.TC_002_LoginTest - ***  Finished TC_002_LoginTest
13:26:17.106 [main] INFO  testCases.TC_001_AccountRegistreationTest - ***  Starting TC_test_account_Registeration
13:26:17.463 [main] INFO  testCases.TC_001_AccountRegistreationTest - Click on myaccount link
13:26:19.410 [main] INFO  testCases.TC_001_AccountRegistreationTest - Click on register link
13:26:19.415 [main] INFO  testCases.TC_001_AccountRegistreationTest - Providing customres data
13:26:20.867 [main] INFO  testCases.TC_001_AccountRegistreationTest - Click on continue
13:26:25.310 [main] INFO  testCases.TC_001_AccountRegistreationTest - Vlaidate expected message
13:26:25.368 [main] INFO  testCases.TC_001_AccountRegistreationTest - ***  Finished TC_test_account_Registeration
13:26:33.749 [main] INFO  testCases.TC_002_LoginTest - ***  Starting TC_002_LoginTest
13:26:38.462 [main] INFO  testCases.TC_002_LoginTest - ***  Finished TC_002_LoginTest
14:07:01.868 [main] INFO  testCases.TC_002_LoginTest - ***  Starting TC_002_LoginTest
14:07:09.912 [main] INFO  testCases.TC_002_LoginTest - ***  Finished TC_002_LoginTest
14:10:41.954 [main] INFO  testCases.TC_002_LoginTest - ***  Starting TC_002_LoginTest
14:10:45.709 [main] INFO  testCases.TC_002_LoginTest - ***  Finished TC_002_LoginTest
14:11:43.505 [main] INFO  testCases.TC_002_LoginTest - ***  Starting TC_002_LoginTest
14:17:03.718 [main] INFO  testCases.TC_002_LoginTest - ***  Starting TC_002_LoginTest
14:17:09.336 [main] INFO  testCases.TC_002_LoginTest - ***  Finished TC_002_LoginTest
14:19:23.437 [main] INFO  testCases.TC_001_AccountRegistreationTest - ***  Starting TC_test_account_Registeration
14:19:23.671 [main] INFO  testCases.TC_001_AccountRegistreationTest - Click on myaccount link
14:19:26.215 [main] INFO  testCases.TC_001_AccountRegistreationTest - Click on register link
14:19:26.261 [main] INFO  testCases.TC_001_AccountRegistreationTest - Providing customres data
14:19:27.552 [main] INFO  testCases.TC_001_AccountRegistreationTest - Click on continue
14:19:31.471 [main] INFO  testCases.TC_001_AccountRegistreationTest - Vlaidate expected message
14:19:42.013 [main] INFO  testCases.TC_002_LoginTest - ***  Starting TC_002_LoginTest
14:21:27.115 [main] INFO  testCases.TC_002_LoginTest - ***  Starting TC_002_LoginTest
14:21:31.913 [main] INFO  testCases.TC_002_LoginTest - ***  Finished TC_002_LoginTest
14:21:43.082 [main] INFO  testCases.TC_001_AccountRegistreationTest - ***  Starting TC_test_account_Registeration
14:21:43.243 [main] INFO  testCases.TC_001_AccountRegistreationTest - Click on myaccount link
14:21:45.079 [main] INFO  testCases.TC_001_AccountRegistreationTest - Click on register link
14:21:45.082 [main] INFO  testCases.TC_001_AccountRegistreationTest - Providing customres data
14:21:46.398 [main] INFO  testCases.TC_001_AccountRegistreationTest - Click on continue
14:21:49.899 [main] INFO  testCases.TC_001_AccountRegistreationTest - Vlaidate expected message
14:21:49.965 [main] INFO  testCases.TC_001_AccountRegistreationTest - ***  Finished TC_test_account_Registeration
18:13:44.124 [main] INFO  testCases.TC_001_AccountRegistreationTest - ***  Starting TC_test_account_Registeration
18:13:47.402 [main] INFO  testCases.TC_001_AccountRegistreationTest - Click on myaccount link
18:13:59.631 [main] INFO  testCases.TC_003_LoginDDT - ***  Starting TC_003_LoginDDT  ***
18:14:03.592 [main] INFO  testCases.TC_003_LoginDDT - ****  Providing login details 
18:14:06.308 [main] INFO  testCases.TC_001_AccountRegistreationTest - Click on register link
18:14:06.658 [main] INFO  testCases.TC_001_AccountRegistreationTest - Providing customres data
18:14:09.920 [main] INFO  testCases.TC_001_AccountRegistreationTest - Click on continue
18:14:23.216 [main] INFO  testCases.TC_001_AccountRegistreationTest - Vlaidate expected message
18:14:23.452 [main] INFO  testCases.TC_001_AccountRegistreationTest - ***  Finished TC_test_account_Registeration
18:14:26.955 [main] INFO  testCases.TC_003_LoginDDT - ***  Finished  ***
18:14:27.867 [main] INFO  testCases.TC_003_LoginDDT - ***  Starting TC_003_LoginDDT  ***
18:14:30.498 [main] INFO  testCases.TC_003_LoginDDT - ****  Providing login details 
18:14:46.686 [main] INFO  testCases.TC_002_LoginTest - ***  Starting TC_002_LoginTest
18:14:48.530 [main] INFO  testCases.TC_003_LoginDDT - ***  Finished  ***
18:14:48.533 [main] INFO  testCases.TC_003_LoginDDT - ***  Starting TC_003_LoginDDT  ***
18:14:53.694 [main] INFO  testCases.TC_003_LoginDDT - ****  Providing login details 
18:14:54.133 [main] INFO  testCases.TC_002_LoginTest - ***  Finished TC_002_LoginTest
18:15:14.280 [main] INFO  testCases.TC_003_LoginDDT - ***  Finished  ***
18:15:14.283 [main] INFO  testCases.TC_003_LoginDDT - ***  Starting TC_003_LoginDDT  ***
18:15:16.134 [main] INFO  testCases.TC_003_LoginDDT - ****  Providing login details 
18:15:32.549 [main] INFO  testCases.TC_003_LoginDDT - ***  Finished  ***
18:15:32.550 [main] INFO  testCases.TC_003_LoginDDT - ***  Starting TC_003_LoginDDT  ***
18:15:33.747 [main] INFO  testCases.TC_003_LoginDDT - ****  Providing login details 
18:15:39.868 [main] INFO  testCases.TC_003_LoginDDT - ***  Finished  ***
18:17:04.363 [main] INFO  testCases.TC_003_LoginDDT - ***  Starting TC_003_LoginDDT  ***
18:17:06.145 [main] INFO  testCases.TC_003_LoginDDT - ****  Providing login details 
18:17:23.464 [main] INFO  testCases.TC_003_LoginDDT - ***  Finished  ***
18:17:23.486 [main] INFO  testCases.TC_003_LoginDDT - ***  Starting TC_003_LoginDDT  ***
18:17:24.724 [main] INFO  testCases.TC_003_LoginDDT - ****  Providing login details 
18:17:41.175 [main] INFO  testCases.TC_003_LoginDDT - ***  Finished  ***
18:17:41.177 [main] INFO  testCases.TC_003_LoginDDT - ***  Starting TC_003_LoginDDT  ***
18:17:43.885 [main] INFO  testCases.TC_003_LoginDDT - ****  Providing login details 
18:18:00.123 [main] INFO  testCases.TC_003_LoginDDT - ***  Finished  ***
18:18:00.124 [main] INFO  testCases.TC_003_LoginDDT - ***  Starting TC_003_LoginDDT  ***
18:18:01.173 [main] INFO  testCases.TC_003_LoginDDT - ****  Providing login details 
18:18:17.473 [main] INFO  testCases.TC_003_LoginDDT - ***  Finished  ***
18:18:17.475 [main] INFO  testCases.TC_003_LoginDDT - ***  Starting TC_003_LoginDDT  ***
18:18:18.282 [main] INFO  testCases.TC_003_LoginDDT - ****  Providing login details 
18:18:22.524 [main] INFO  testCases.TC_003_LoginDDT - ***  Finished  ***
19:15:28.153 [main] INFO  testCases.TC_002_LoginTest - ***  Starting TC_002_LoginTest
19:15:35.846 [main] INFO  testCases.TC_002_LoginTest - ***  Finished TC_002_LoginTest
21:03:33.597 [main] INFO  testCases.TC_002_LoginTest - ***  Starting TC_002_LoginTest
21:03:42.664 [main] INFO  testCases.TC_002_LoginTest - ***  Finished TC_002_LoginTest
21:05:19.849 [main] INFO  testCases.TC_002_LoginTest - ***  Starting TC_002_LoginTest
21:05:22.824 [main] INFO  testCases.TC_002_LoginTest - ***  Finished TC_002_LoginTest
17:59:15.034 [main] INFO  testCases.TC_002_LoginTest - ***  Starting TC_002_LoginTest
17:59:21.008 [main] INFO  testCases.TC_002_LoginTest - ***  Finished TC_002_LoginTest
18:15:13.938 [main] INFO  testCases.TC_002_LoginTest - ***  Starting TC_002_LoginTest
18:15:23.043 [main] INFO  testCases.TC_002_LoginTest - ***  Finished TC_002_LoginTest
11:46:06.728 [main] INFO  testCases.TC_004_SearchProduct -  Starting TC_004_SearchProduct Test 
11:47:19.538 [main] INFO  testCases.TC_004_SearchProduct -  Starting TC_004_SearchProduct Test 
11:49:45.529 [main] INFO  testCases.TC_004_SearchProduct -  Starting TC_004_SearchProduct Test 
11:51:01.848 [main] INFO  testCases.TC_004_SearchProduct -  Starting TC_004_SearchProduct Test 
11:53:38.918 [main] INFO  testCases.TC_004_SearchProduct -  Starting TC_004_SearchProduct Test 
11:53:43.425 [main] INFO  testCases.TC_004_SearchProduct -  Finished TC_004_SearchProduct Test 
11:54:46.886 [main] INFO  testCases.TC_004_SearchProduct -  Starting TC_004_SearchProduct Test 
11:54:50.577 [main] INFO  testCases.TC_004_SearchProduct -  Finished TC_004_SearchProduct Test 
12:22:23.981 [main] INFO  testCases.TC_005_AddToCartPage -  Starting TC_005_AddToCartPage Test 
12:27:43.427 [main] INFO  testCases.TC_005_AddToCartPage -  Starting TC_005_AddToCartPage Test 
12:27:51.315 [main] INFO  testCases.TC_005_AddToCartPage -  Finished TC_005_AddToCartPage Test 
12:28:40.816 [main] INFO  testCases.TC_005_AddToCartPage -  Starting TC_005_AddToCartPage Test 
12:28:46.511 [main] INFO  testCases.TC_005_AddToCartPage -  Finished TC_005_AddToCartPage Test 
